nohup: 忽略输入
Aurora V2 Training on cpu
Loading Dataset...
Loading Cilin Dataset...
Graph: 164560 nodes. Words: 140992
  Nodes: 164560
  Struct Edges: 164559
Loading semantic edges from checkpoints/semantic_edges_wiki.pkl...
Loaded 220817 semantic edges (Skipped 4598 unknown words).
  Added 220817 Semantic Edges.
Starting Simulation...
Step 0: R=0.05, dt=8.8e-04, E=88131.8
Step 100: R=0.04, dt=9.1e-04, E=87000.2
Step 200: R=0.01, dt=1.0e-03, E=86923.5
Step 300: R=0.03, dt=1.3e-03, E=87074.1
Step 400: R=0.04, dt=1.3e-03, E=87524.2
Step 500: R=0.03, dt=1.3e-03, E=86633.4
Step 600: R=0.01, dt=9.6e-04, E=86937.1
Step 700: R=0.03, dt=1.0e-03, E=87095.4
Step 800: R=0.04, dt=1.3e-03, E=86957.6
Step 900: R=0.02, dt=1.4e-03, E=86484.9
Done. 1000 steps in 958.4s
Saved to checkpoints/aurora_v2_final.pkl
