nohup: 忽略输入
Aurora V2 Training on cuda
Loading Dataset...
Loading Cilin Dataset...
Graph: 164560 nodes. Words: 140992
  Nodes: 164560
  Struct Edges: 164559
Loading semantic edges from checkpoints/semantic_edges_wiki.pkl...
Loaded 220817 semantic edges (Skipped 4598 unknown words).
  Added 220817 Semantic Edges.
Starting Simulation...
Step 0: R=0.05, dt=1.4e-03, E=88109.8
Step 20: R=0.05, dt=2.1e-03, E=87972.2
Step 40: R=0.04, dt=1.8e-03, E=87315.5
Step 60: R=0.03, dt=1.4e-03, E=86900.7
Step 80: R=nan, dt=1.8e-03, E=86625.5
Step 100: R=0.02, dt=1.9e-03, E=86577.1
Step 120: R=nan, dt=1.8e-03, E=86839.5
Step 140: R=nan, dt=1.5e-03, E=86939.5
Step 160: R=nan, dt=2.0e-03, E=86841.7
Step 180: R=nan, dt=1.8e-03, E=86939.5
Done. 200 steps in 18.6s
DEBUG: Saving State. X shape: torch.Size([164560, 5]), Nodes: 164560
Saved to checkpoints/aurora_v2_eval.pkl
